#
# There is insufficient memory for the Java Runtime Environment to continue.
# Native memory allocation (mmap) failed to map 121634816 bytes. Error detail: G1 virtual space
# Possible reasons:
#   The system is out of physical RAM or swap space
#   This process is running with CompressedOops enabled, and the Java Heap may be blocking the growth of the native heap
# Possible solutions:
#   Reduce memory load on the system
#   Increase physical memory or swap space
#   Check if swap backing store is full
#   Decrease Java heap size (-Xmx/-Xms)
#   Decrease number of Java threads
#   Decrease Java thread stack sizes (-Xss)
#   Set larger code cache with -XX:ReservedCodeCacheSize=
#   JVM is running with Unscaled Compressed Oops mode in which the Java heap is
#     placed in the first 4GB address space. The Java Heap base address is the
#     maximum limit for the native heap growth. Please use -XX:HeapBaseMinAddress
#     to set the Java Heap base and to place the Java Heap above 4GB virtual address.
# This output file may be truncated or incomplete.
#
#  Out of Memory Error (os_windows.cpp:3618), pid=31352, tid=6772
#
# JRE version:  (17.0.14+7) (build )
# Java VM: OpenJDK 64-Bit Server VM (17.0.14+7-LTS, mixed mode, sharing, tiered, compressed oops, compressed class ptrs, g1 gc, windows-amd64)
# No core dump will be written. Minidumps are not enabled by default on client versions of Windows
#

---------------  S U M M A R Y ------------

Command Line: -agentlib:jdwp=transport=dt_socket,address=127.0.0.1:56234,suspend=y,server=n -agentpath:C:\Users\ASUS\AppData\Local\Temp\idea_libasyncProfiler_dll_temp_folder11\libasyncProfiler.dll=version,jfr,event=wall,interval=10ms,cstack=no,file=C:\Users\ASUS\IdeaSnapshots\PokiApplication_2025_05_15_221259.jfr,dbghelppath=C:\Users\ASUS\AppData\Local\Temp\idea_dbghelp_dll_temp_folder2\dbghelp.dll,log=C:\Users\ASUS\AppData\Local\Temp\PokiApplication_2025_05_15_221259.jfr.log.txt,logLevel=DEBUG -javaagent:C:\Users\ASUS\AppData\Local\JetBrains\IntelliJIdea2024.3\captureAgent\debugger-agent.jar -Dkotlinx.coroutines.debug.enable.creation.stack.trace=false -Ddebugger.agent.enable.coroutines=true -Dkotlinx.coroutines.debug.enable.flows.stack.trace=true -Dkotlinx.coroutines.debug.enable.mutable.state.flows.stack.trace=true -Dfile.encoding=UTF-8 com.remake.poki.PokiApplication

Host: AMD Ryzen 7 6800H with Radeon Graphics         , 16 cores, 7G,  Windows 11 , 64 bit Build 26100 (10.0.26100.3912)
Time: Thu May 15 22:13:01 2025 SE Asia Standard Time elapsed time: 1.405311 seconds (0d 0h 0m 1s)

---------------  T H R E A D  ---------------

Current thread (0x0000026b5aace0f0):  JavaThread "Unknown thread" [_thread_in_vm, id=6772, stack(0x000000ddef700000,0x000000ddef800000)]

Stack: [0x000000ddef700000,0x000000ddef800000]
Native frames: (J=compiled Java code, j=interpreted, Vv=VM code, C=native code)
V  [jvm.dll+0x681069]
V  [jvm.dll+0x838cca]
V  [jvm.dll+0x83a78e]
V  [jvm.dll+0x83adf3]
V  [jvm.dll+0x24826f]
V  [jvm.dll+0x67dd99]
V  [jvm.dll+0x67286a]
V  [jvm.dll+0x30826b]
V  [jvm.dll+0x30f756]
V  [jvm.dll+0x35face]
V  [jvm.dll+0x35fd0f]
V  [jvm.dll+0x2df21c]
V  [jvm.dll+0x2e0174]
V  [jvm.dll+0x80a48b]
V  [jvm.dll+0x36d841]
V  [jvm.dll+0x7e8db5]
V  [jvm.dll+0x3f154f]
V  [jvm.dll+0x3f30c1]
C  [jli.dll+0x52ab]
C  [ucrtbase.dll+0x37b0]
C  [KERNEL32.DLL+0x2e8d7]
C  [ntdll.dll+0x9c5dc]


---------------  P R O C E S S  ---------------

Threads class SMR info:
_java_thread_list=0x00007ff9c6a98f18, length=0, elements={
}

Java Threads: ( => current thread )

Other Threads:
  0x0000026b630a7f40 GCTaskThread "GC Thread#0" [stack: 0x000000ddef800000,0x000000ddef900000] [id=29700]
  0x0000026b630b86a0 ConcurrentGCThread "G1 Main Marker" [stack: 0x000000ddef900000,0x000000ddefa00000] [id=30996]
  0x0000026b630bb300 ConcurrentGCThread "G1 Conc#0" [stack: 0x000000ddefa00000,0x000000ddefb00000] [id=13456]

[error occurred during error reporting (printing all threads), id 0xc0000005, EXCEPTION_ACCESS_VIOLATION (0xc0000005) at pc=0x00007ff9c624f957]

VM state: not at safepoint (not fully initialized)

VM Mutex/Monitor currently owned by a thread:  ([mutex/lock_event])
[0x0000026b630420c0] Heap_lock - owner thread: 0x0000026b5aace0f0

Heap address: 0x000000008c000000, size: 1856 MB, Compressed Oops mode: 32-bit

CDS archive(s) mapped at: [0x0000000000000000-0x0000000000000000-0x0000000000000000), size 0, SharedBaseAddress: 0x0000000800000000, ArchiveRelocationMode: 1.
Narrow klass base: 0x0000000000000000, Narrow klass shift: 0, Narrow klass range: 0x0

GC Precious Log:
<Empty>

Heap:
 garbage-first heap   total 0K, used 0K [0x000000008c000000, 0x0000000100000000)
  region size 1024K, 0 young (0K), 0 survivors (0K)

[error occurred during error reporting (printing heap information), id 0xc0000005, EXCEPTION_ACCESS_VIOLATION (0xc0000005) at pc=0x00007ff9c663a2b9]

GC Heap History (0 events):
No events

Dll operation events (2 events):
Event: 0.036 Loaded shared library C:\Users\ASUS\.jdks\corretto-17.0.14\bin\java.dll
Event: 0.037 Loaded shared library C:\Users\ASUS\.jdks\corretto-17.0.14\bin\zip.dll

Deoptimization events (0 events):
No events

Classes loaded (0 events):
No events

Classes unloaded (0 events):
No events

Classes redefined (0 events):
No events

Internal exceptions (0 events):
No events

VM Operations (0 events):
No events

Memory protections (0 events):
No events

Nmethod flushes (0 events):
No events

Events (0 events):
No events


Dynamic libraries:
0x00007ff68c270000 - 0x00007ff68c27e000 	C:\Users\ASUS\.jdks\corretto-17.0.14\bin\java.exe
0x00007ffaa42e0000 - 0x00007ffaa4546000 	C:\WINDOWS\SYSTEM32\ntdll.dll
0x00007ffaa3030000 - 0x00007ffaa30f9000 	C:\WINDOWS\System32\KERNEL32.DLL
0x00007ffaa1c40000 - 0x00007ffaa200c000 	C:\WINDOWS\System32\KERNELBASE.dll
0x00007ffaa1af0000 - 0x00007ffaa1c3b000 	C:\WINDOWS\System32\ucrtbase.dll
0x00007ffa576a0000 - 0x00007ffa576b7000 	C:\Users\ASUS\.jdks\corretto-17.0.14\bin\jli.dll
0x00007ffa56290000 - 0x00007ffa562ab000 	C:\Users\ASUS\.jdks\corretto-17.0.14\bin\VCRUNTIME140.dll
0x00007ffaa25c0000 - 0x00007ffaa278a000 	C:\WINDOWS\System32\USER32.dll
0x00007ffa71160000 - 0x00007ffa713fa000 	C:\WINDOWS\WinSxS\amd64_microsoft.windows.common-controls_6595b64144ccf1df_6.0.26100.3912_none_3e07963ce335137e\COMCTL32.dll
0x00007ffaa17c0000 - 0x00007ffaa17e7000 	C:\WINDOWS\System32\win32u.dll
0x00007ffaa3190000 - 0x00007ffaa31bb000 	C:\WINDOWS\System32\GDI32.dll
0x00007ffaa2790000 - 0x00007ffaa2839000 	C:\WINDOWS\System32\msvcrt.dll
0x00007ffaa1680000 - 0x00007ffaa17b2000 	C:\WINDOWS\System32\gdi32full.dll
0x00007ffaa1530000 - 0x00007ffaa15d3000 	C:\WINDOWS\System32\msvcp_win.dll
0x00007ffaa2370000 - 0x00007ffaa23a0000 	C:\WINDOWS\System32\IMM32.DLL
0x00007ffa57690000 - 0x00007ffa5769c000 	C:\Users\ASUS\.jdks\corretto-17.0.14\bin\vcruntime140_1.dll
0x00007ffa2e900000 - 0x00007ffa2e98d000 	C:\Users\ASUS\.jdks\corretto-17.0.14\bin\msvcp140.dll
0x00007ff9c5f60000 - 0x00007ff9c6bcc000 	C:\Users\ASUS\.jdks\corretto-17.0.14\bin\server\jvm.dll
0x00007ffaa3380000 - 0x00007ffaa3432000 	C:\WINDOWS\System32\ADVAPI32.dll
0x00007ffaa34c0000 - 0x00007ffaa3566000 	C:\WINDOWS\System32\sechost.dll
0x00007ffaa23b0000 - 0x00007ffaa24c6000 	C:\WINDOWS\System32\RPCRT4.dll
0x00007ffaa3110000 - 0x00007ffaa3184000 	C:\WINDOWS\System32\WS2_32.dll
0x00007ffaa0c30000 - 0x00007ffaa0c8e000 	C:\WINDOWS\SYSTEM32\POWRPROF.dll
0x00007ffa90540000 - 0x00007ffa90576000 	C:\WINDOWS\SYSTEM32\WINMM.dll
0x00007ffa9a8b0000 - 0x00007ffa9a8bb000 	C:\WINDOWS\SYSTEM32\VERSION.dll
0x00007ffaa0c10000 - 0x00007ffaa0c24000 	C:\WINDOWS\SYSTEM32\UMPDC.dll
0x00007ffaa0200000 - 0x00007ffaa021a000 	C:\WINDOWS\SYSTEM32\kernel.appcore.dll
0x00007ffa56c40000 - 0x00007ffa56c4a000 	C:\Users\ASUS\.jdks\corretto-17.0.14\bin\jimage.dll
0x00007ffa8f840000 - 0x00007ffa8fa81000 	C:\WINDOWS\SYSTEM32\DBGHELP.DLL
0x00007ffaa3ca0000 - 0x00007ffaa4024000 	C:\WINDOWS\System32\combase.dll
0x00007ffaa24d0000 - 0x00007ffaa25b0000 	C:\WINDOWS\System32\OLEAUT32.dll
0x00007ffa89fb0000 - 0x00007ffa89fe9000 	C:\WINDOWS\SYSTEM32\dbgcore.DLL
0x00007ffaa15e0000 - 0x00007ffaa1679000 	C:\WINDOWS\System32\bcryptPrimitives.dll
0x00007ffa33fe0000 - 0x00007ffa3401b000 	C:\Users\ASUS\.jdks\corretto-17.0.14\bin\jdwp.dll
0x00007ff9e9340000 - 0x00007ff9e954e000 	C:\Users\ASUS\AppData\Local\Temp\idea_libasyncProfiler_dll_temp_folder11\libasyncProfiler.dll
0x00007ffa372e0000 - 0x00007ffa372ee000 	C:\Users\ASUS\.jdks\corretto-17.0.14\bin\instrument.dll
0x00007ffa56230000 - 0x00007ffa56255000 	C:\Users\ASUS\.jdks\corretto-17.0.14\bin\java.dll
0x00007ffa3a690000 - 0x00007ffa3a6a8000 	C:\Users\ASUS\.jdks\corretto-17.0.14\bin\zip.dll

dbghelp: loaded successfully - version: 4.0.5 - missing functions: none
symbol engine: initialized successfully - sym options: 0x614 - pdb path: .;C:\Users\ASUS\.jdks\corretto-17.0.14\bin;C:\WINDOWS\SYSTEM32;C:\WINDOWS\WinSxS\amd64_microsoft.windows.common-controls_6595b64144ccf1df_6.0.26100.3912_none_3e07963ce335137e;C:\Users\ASUS\.jdks\corretto-17.0.14\bin\server;C:\Users\ASUS\AppData\Local\Temp\idea_libasyncProfiler_dll_temp_folder11

VM Arguments:
jvm_args: -agentlib:jdwp=transport=dt_socket,address=127.0.0.1:56234,suspend=y,server=n -agentpath:C:\Users\ASUS\AppData\Local\Temp\idea_libasyncProfiler_dll_temp_folder11\libasyncProfiler.dll=version,jfr,event=wall,interval=10ms,cstack=no,file=C:\Users\ASUS\IdeaSnapshots\PokiApplication_2025_05_15_221259.jfr,dbghelppath=C:\Users\ASUS\AppData\Local\Temp\idea_dbghelp_dll_temp_folder2\dbghelp.dll,log=C:\Users\ASUS\AppData\Local\Temp\PokiApplication_2025_05_15_221259.jfr.log.txt,logLevel=DEBUG -javaagent:C:\Users\ASUS\AppData\Local\JetBrains\IntelliJIdea2024.3\captureAgent\debugger-agent.jar -Dkotlinx.coroutines.debug.enable.creation.stack.trace=false -Ddebugger.agent.enable.coroutines=true -Dkotlinx.coroutines.debug.enable.flows.stack.trace=true -Dkotlinx.coroutines.debug.enable.mutable.state.flows.stack.trace=true -Dfile.encoding=UTF-8 
java_command: com.remake.poki.PokiApplication
java_class_path (initial): C:\Users\ASUS\pokiAPI\poki\target\classes;C:\Users\ASUS\.m2\repository\org\springframework\boot\spring-boot-starter-data-jpa\3.4.2\spring-boot-starter-data-jpa-3.4.2.jar;C:\Users\ASUS\.m2\repository\org\springframework\boot\spring-boot-starter\3.4.2\spring-boot-starter-3.4.2.jar;C:\Users\ASUS\.m2\repository\org\springframework\boot\spring-boot-starter-logging\3.4.2\spring-boot-starter-logging-3.4.2.jar;C:\Users\ASUS\.m2\repository\ch\qos\logback\logback-classic\1.5.16\logback-classic-1.5.16.jar;C:\Users\ASUS\.m2\repository\ch\qos\logback\logback-core\1.5.16\logback-core-1.5.16.jar;C:\Users\ASUS\.m2\repository\org\apache\logging\log4j\log4j-to-slf4j\2.24.3\log4j-to-slf4j-2.24.3.jar;C:\Users\ASUS\.m2\repository\org\apache\logging\log4j\log4j-api\2.24.3\log4j-api-2.24.3.jar;C:\Users\ASUS\.m2\repository\org\slf4j\jul-to-slf4j\2.0.16\jul-to-slf4j-2.0.16.jar;C:\Users\ASUS\.m2\repository\jakarta\annotation\jakarta.annotation-api\2.1.1\jakarta.annotation-api-2.1.1.jar;C:\Users\ASUS\.m2\repository\org\yaml\snakeyaml\2.3\snakeyaml-2.3.jar;C:\Users\ASUS\.m2\repository\org\hibernate\orm\hibernate-core\6.6.5.Final\hibernate-core-6.6.5.Final.jar;C:\Users\ASUS\.m2\repository\jakarta\persistence\jakarta.persistence-api\3.1.0\jakarta.persistence-api-3.1.0.jar;C:\Users\ASUS\.m2\repository\jakarta\transaction\jakarta.transaction-api\2.0.1\jakarta.transaction-api-2.0.1.jar;C:\Users\ASUS\.m2\repository\org\jboss\logging\jboss-logging\3.6.1.Final\jboss-logging-3.6.1.Final.jar;C:\Users\ASUS\.m2\repository\org\hibernate\common\hibernate-commons-annotations\7.0.3.Final\hibernate-commons-annotations-7.0.3.Final.jar;C:\Users\ASUS\.m2\repository\io\smallrye\jandex\3.2.0\jandex-3.2.0.jar;C:\Users\ASUS\.m2\repository\com\fasterxml\classmate\1.7.0\classmate-1.7.0.jar;C:\Users\ASUS\.m2\repository\net\bytebuddy\byte-buddy\1.15.11\byte-buddy-1.15.11.jar;C:\Users\ASUS\.m2\repository\org\glassfish\jaxb\jaxb-runtime\4.0.5\jaxb-runtime-4.0.5.jar;C:\Users\ASUS\.m2\repository\
Launcher Type: SUN_STANDARD

[Global flags]
     intx CICompilerCount                          = 12                                        {product} {ergonomic}
     uint ConcGCThreads                            = 3                                         {product} {ergonomic}
     uint G1ConcRefinementThreads                  = 13                                        {product} {ergonomic}
   size_t G1HeapRegionSize                         = 1048576                                   {product} {ergonomic}
    uintx GCDrainStackTargetSize                   = 64                                        {product} {ergonomic}
   size_t InitialHeapSize                          = 121634816                                 {product} {ergonomic}
   size_t MarkStackSize                            = 4194304                                   {product} {ergonomic}
   size_t MaxHeapSize                              = 1946157056                                {product} {ergonomic}
   size_t MinHeapDeltaBytes                        = 1048576                                   {product} {ergonomic}
   size_t MinHeapSize                              = 8388608                                   {product} {ergonomic}
    uintx NonNMethodCodeHeapSize                   = 7602480                                {pd product} {ergonomic}
    uintx NonProfiledCodeHeapSize                  = 122027880                              {pd product} {ergonomic}
    uintx ProfiledCodeHeapSize                     = 122027880                              {pd product} {ergonomic}
    uintx ReservedCodeCacheSize                    = 251658240                              {pd product} {ergonomic}
     bool SegmentedCodeCache                       = true                                      {product} {ergonomic}
   size_t SoftMaxHeapSize                          = 1946157056                             {manageable} {ergonomic}
     bool UseCompressedClassPointers               = true                           {product lp64_product} {ergonomic}
     bool UseCompressedOops                        = true                           {product lp64_product} {ergonomic}
     bool UseG1GC                                  = true                                      {product} {ergonomic}
     bool UseLargePagesIndividualAllocation        = false                                  {pd product} {ergonomic}

Logging:
Log output configuration:
 #0: stdout all=warning uptime,level,tags
 #1: stderr all=off uptime,level,tags

Environment Variables:
PATH=C:\Program Files\Eclipse Adoptium\jdk-21.0.5.11-hotspot\bin;C:\Program Files (x86)\Common Files\Intel\Shared Libraries\redist\intel64\compiler;C:\Windows\system32;C:\Windows;C:\Windows\System32\Wbem;C:\Windows\System32\WindowsPowerShell\v1.0\;C:\Windows\System32\OpenSSH\;C:\Program Files (x86)\NVIDIA Corporation\PhysX\Common;C:\Program Files\nodejs\;C:\Program Files\dotnet\;C:\Program Files\Microsoft SQL Server\150\Tools\Binn\;C:\WINDOWS\system32;C:\WINDOWS;C:\WINDOWS\System32\Wbem;C:\WINDOWS\System32\WindowsPowerShell\v1.0\;C:\WINDOWS\System32\OpenSSH\;C:\Program Files\Git\cmd;C:\Program Files\Docker\Docker\resources\bin;C:\Program Files\MySQL\MySQL Shell 8.0\bin\;C:\Users\ASUS\AppData\Local\Programs\Python\Python312\Scripts\;C:\Users\ASUS\AppData\Local\Programs\Python\Python312\;C:\Users\ASUS\AppData\Local\Microsoft\WindowsApps;C:\Users\ASUS\AppData\Roaming\npm;C:\Users\ASUS\.dotnet\tools;C:\Users\ASUS\AppData\Local\Programs\Microsoft VS Code\bin
USERNAME=ASUS
OS=Windows_NT
PROCESSOR_IDENTIFIER=AMD64 Family 25 Model 68 Stepping 1, AuthenticAMD
TMP=C:\Users\ASUS\AppData\Local\Temp
TEMP=C:\Users\ASUS\AppData\Local\Temp



Periodic native trim disabled


---------------  S Y S T E M  ---------------

OS:
 Windows 11 , 64 bit Build 26100 (10.0.26100.3912)
OS uptime: 0 days 2:24 hours
Hyper-V role detected

CPU: total 16 (initial active 16) (16 cores per cpu, 2 threads per core) family 25 model 68 stepping 1 microcode 0xa404101, cx8, cmov, fxsr, ht, mmx, 3dnowpref, sse, sse2, sse3, ssse3, sse4a, sse4.1, sse4.2, popcnt, lzcnt, tsc, tscinvbit, avx, avx2, aes, clmul, bmi1, bmi2, adx, sha, fma, vzeroupper, clflush, clflushopt, hv
Processor Information for all 16 processors :
  Max Mhz: 3201, Current Mhz: 3201, Mhz Limit: 3201

Memory: 4k page, system-wide physical 7421M (266M free)
TotalPageFile size 29949M (AvailPageFile size 13M)
current process WorkingSet (physical memory assigned to process): 13M, peak: 13M
current process commit charge ("private bytes"): 82M, peak: 198M

vm_info: OpenJDK 64-Bit Server VM (17.0.14+7-LTS) for windows-amd64 JRE (17.0.14+7-LTS), built on Jan  7 2025 20:14:24 by "Administrator" with MS VC++ 16.10 / 16.11 (VS2019)

END.
